<?xml version="1.0" encoding="UTF-8"?>
<!-- Generated by org.testng.reporters.JUnitXMLReporter -->
<testsuite hostname="LAPTOP-QQ3CG9LF" ignored="0" name="Default test" tests="3" failures="0" timestamp="2021-10-24T13:07:19 IST" time="0.176" errors="0">
  <testcase name="chararrayoccurence" time="0.026" classname="coreJava.Waystofindoccurenceofeachcharc"/>
  <testcase name="method1ForeachwithHashmap" time="0.003" classname="coreJava.Waystofindoccurenceofeachcharc"/>
  <testcase name="method2forloopwithHashmap" time="0.011" classname="coreJava.Waystofindoccurenceofeachcharc"/>
</testsuite> <!-- Default test -->
