<?xml version="1.0" encoding="UTF-8"?>
<testng-results skipped="0" failed="0" ignored="0" total="1" passed="1">
  <reporter-output>
  </reporter-output>
  <suite name="Default suite" duration-ms="77" started-at="2021-11-20T18:53:26 IST" finished-at="2021-11-20T18:53:26 IST">
    <groups>
    </groups>
    <test name="Default test" duration-ms="77" started-at="2021-11-20T18:53:26 IST" finished-at="2021-11-20T18:53:26 IST">
      <class name="practice.Gitdemo">
        <test-method status="PASS" signature="phones()[pri:0, instance:practice.Gitdemo@12f41634]" name="phones" duration-ms="10" started-at="2021-11-20T18:53:26 IST" finished-at="2021-11-20T18:53:26 IST">
          <reporter-output>
          </reporter-output>
        </test-method> <!-- phones -->
      </class> <!-- practice.Gitdemo -->
    </test> <!-- Default test -->
  </suite> <!-- Default suite -->
</testng-results>
